716.81 0.1
1425.55 0.2
2126.26 0.3
2818.94 0.4
3503.63 0.5
4180.34 0.6
4849.09 0.7
5509.92 0.8
6162.85 0.9
6807.9 1
7445.12 1.1
8074.53 1.2
8696.18 1.3
9310.11 1.4
9916.35 1.5
10515 1.6
11106 1.7
11689.4 1.8
12265.4 1.9
12834 2
13395.1 2.1
13949 2.2
14495.6 2.3
15034.9 2.4
15567.2 2.5
16092.3 2.6
16610.4 2.7
17121.6 2.8
17625.9 2.9
18123.4 3
18614.2 3.1
19098.3 3.2
19575.8 3.3
20046.7 3.4
20511.3 3.5
20969.4 3.6
21421.2 3.7
21866.8 3.8
22306.3 3.9
22739.7 4
23167 4.1
23588.5 4.2
24004.1 4.3
24413.9 4.4
24818.1 4.5
25216.6 4.6
25609.6 4.7
25997.1 4.8
26379.2 4.9
26756 5
27127.6 5.1
27494 5.2
27855.3 5.3
28211.6 5.4
28562.9 5.5
28909.4 5.6
29251.1 5.7
29588.1 5.8
29920.4 5.9
30248.1 6
30571.3 6.1
30890.1 6.2
31204.5 6.3
31514.6 6.4
31820.4 6.5
32122.1 6.6
32419.6 6.7
32713.1 6.8
33002.6 6.9
33288.3 7
33570 7.1
33848 7.2
34122.2 7.3
34392.7 7.4
34659.7 7.5
34923.1 7.6
35182.9 7.7
35439.4 7.8
35692.4 7.9
35942.1 8
36188.6 8.1
36431.8 8.2
36671.8 8.3
36908.7 8.4
37142.6 8.5
37373.4 8.6
37601.2 8.7
37826.1 8.8
38048.2 8.9
38267.4 9
38483.8 9.1
38697.5 9.2
38908.5 9.3
39116.8 9.4
39322.5 9.5
39525.7 9.6
39726.3 9.7
39924.5 9.8
40120.2 9.9
40313.5 10
40504.4 10.1
40693 10.2
40879.3 10.3
41063.3 10.4
