-0.534041
-1.07317
-1.61294
-2.15337
-2.69445
-3.23619
-3.77857
-4.3216
-4.86529
-5.40963
-5.95462
-6.50026
-7.04655
-7.59349
-8.14108
-8.68933
-9.23823
-9.78778
-10.338
-10.8888
-11.4403
-11.9925
-12.5454
-13.0989
-13.6531
-14.2082
-14.7642
-15.3213
-15.88
-16.4409
-17.0053
-17.5751
-18.1533
-18.7432
-19.3462
-19.9593
-20.5731
-21.1692
-21.7311
-22.2565
-22.7468
-23.2022
-23.6284
-24.0358
-24.4319
-24.8192
-25.1989
-25.5722
-25.9394
-26.3014
-26.6595
-27.015
-27.3686
-27.7203
-28.0687
-28.4117
-28.747
-29.0726
-29.3873
-29.6909
-29.9842
-30.269
-30.5471
-30.8197
-31.0879
-31.3524
-31.6136
-31.8719
-32.1274
-32.3802
-32.6301
-32.8774
-33.1219
-33.3638
-33.6028
-33.8392
-34.0727
-34.3034
-34.5316
-34.7576
-34.9818
-35.2043
-35.4255
-35.6453
-35.8638
-36.0811
-36.297
-36.5117
-36.725
-36.937
-37.1475
-37.3564
-37.5636
-37.769
-37.9725
-38.1742
-38.3738
-38.5714
-38.7671
-38.9608
-39.1526
-39.3426
-39.5309
-39.7175
-39.9026
-40.0862
-40.2684
-40.4493
-40.629
-40.8077
-40.9854
-41.1622
-41.3383
-41.5137
-41.6884
-41.8626
-42.0362
-42.2094
-42.3821
-42.5544
-42.7264
-42.898
-43.0693
-43.2402
-43.4109
-43.5812
-43.7513
-43.921
-44.0904
-44.2595
-44.4283
-44.5967
-44.7648
-44.9325
-45.0997
-45.2665
-45.4328
-45.5986
-45.7639
-45.9286
-46.0927
-46.2563
-46.4192
-46.5814
-46.7429
-46.9038
-47.0639
-47.2232
-47.3818
-47.5396
