-0.711559
-1.42312
-2.13467
-2.84623
-3.55778
-4.26934
-4.98089
-5.69244
-6.40399
-7.11553
-7.82708
-8.53862
-9.25017
-9.96171
-10.6733
-11.3848
-12.0963
-12.8079
-13.5194
-14.2309
-14.9424
-15.6539
-16.3653
-17.0766
-17.7877
-18.4983
-19.208
-19.9161
-20.6212
-21.321
-22.0117
-22.6867
-23.3362
-23.9495
-24.5224
-25.0597
-25.5668
-26.0516
-26.5257
-26.997
-27.4699
-27.9472
-28.4296
-28.9166
-29.4081
-29.9027
-30.3969
-30.8866
-31.368
-31.8365
-32.2872
-32.7166
-33.123
-33.5051
-33.8653
-34.2086
-34.5395
-34.8602
-35.1725
-35.4772
-35.7753
-36.0678
-36.3558
-36.64
-36.9209
-37.1986
-37.4731
-37.7445
-38.0128
-38.2783
-38.5411
-38.8011
-39.0583
-39.3127
-39.5641
-39.8124
-40.0576
-40.2997
-40.5386
-40.7745
-41.0072
-41.237
-41.4635
-41.6869
-41.9071
-42.124
-42.3377
-42.5484
-42.7562
-42.9613
-43.1641
-43.3647
-43.5633
-43.7602
-43.9554
-44.1491
-44.3414
-44.5322
-44.7217
-44.9099
-45.0969
-45.2827
-45.4673
-45.6509
-45.8333
-46.0148
-46.1952
-46.3748
-46.5534
-46.7312
-46.9081
-47.0842
-47.2596
-47.4341
-47.6079
-47.7809
-47.9531
-48.1245
-48.2951
-48.4649
-48.6338
-48.8017
-48.9688
-49.1349
-49.3001
-49.4642
-49.6273
-49.7894
-49.9504
-50.1103
-50.2691
-50.4269
-50.5836
-50.7392
-50.8938
-51.0474
-51.1999
-51.3513
-51.5018
-51.6512
-51.7997
-51.9471
-52.0936
-52.2391
-52.3837
-52.5274
-52.6702
-52.8123
-52.9537
-53.0944
