-0.539921
-1.07476
-1.60895
-2.1425
-2.67539
-3.20764
-3.73924
-4.27019
-4.8005
-5.33016
-5.85917
-6.38753
-6.91524
-7.44231
-7.96873
-8.4945
-9.01962
-9.5441
-10.0679
-10.5911
-11.1136
-11.6355
-12.1568
-12.6774
-13.1974
-13.7168
-14.2356
-14.7539
-15.2719
-15.7898
-16.3079
-16.8269
-17.3472
-17.8677
-18.383
-18.8832
-19.3649
-19.8355
-20.3019
-20.7635
-21.2166
-21.6568
-22.0781
-22.4741
-22.8417
-23.1845
-23.5097
-23.8233
-24.1283
-24.4268
-24.7204
-25.0104
-25.2974
-25.5813
-25.8605
-26.133
-26.3964
-26.6492
-26.8905
-27.1205
-27.3409
-27.5537
-27.7606
-27.9626
-28.1604
-28.3539
-28.543
-28.7276
-28.9079
-29.0842
-29.2565
-29.4251
-29.5899
-29.7509
-29.9082
-30.0619
-30.2123
-30.3595
-30.504
-30.6458
-30.7851
-30.9218
-31.056
-31.1877
-31.317
-31.4438
-31.5682
-31.6901
-31.8096
-31.9268
-32.0417
-32.1544
-32.265
-32.3737
-32.4806
-32.5857
-32.6892
-32.791
-32.8915
-32.9905
-33.0882
-33.1847
-33.28
-33.3741
-33.4672
-33.5593
-33.6505
-33.7407
-33.8301
-33.9186
-34.0064
-34.0935
-34.1798
-34.2656
-34.3506
-34.4351
-34.5189
-34.6023
-34.6851
-34.7673
-34.8491
-34.9304
-35.0113
-35.0918
-35.1718
-35.2514
-35.3307
-35.4096
-35.488
-35.5662
-35.6439
-35.7213
-35.7983
-35.875
-35.9513
-36.0272
-36.1028
-36.178
-36.2529
-36.3274
-36.4015
-36.4753
-36.5487
-36.6217
-36.6943
-36.7666
-36.8385
-36.9101
-36.9813
-37.0521
