0.120011
0.240011
0.360011
0.480011
0.600011
0.720011
0.840011
0.960011
1.08001
1.20001
1.32001
1.44001
1.56001
1.68001
1.80001
1.92001
2.04001
2.16001
2.28001
2.40001
2.52001
2.64001
2.76001
2.88001
3.00001
3.12001
3.24001
3.36001
3.48001
3.60001
3.72001
3.84001
3.96001
4.08001
4.20001
4.32001
4.44001
4.56001
4.68001
4.80001
4.92001
5.04001
5.16001
5.28001
5.40001
5.52001
5.64001
5.76001
5.88001
6.00001
6.12001
6.24001
6.36001
6.48001
6.60001
6.72001
6.84001
6.96001
7.08001
7.20001
7.32001
7.44001
7.56001
7.68001
7.80001
7.92001
8.04001
8.16001
8.28001
8.40001
8.52001
8.64001
8.76001
8.88001
9.00001
9.12001
9.24001
9.36001
9.48001
9.60001
9.72001
9.84001
9.96001
10.08
10.2
10.32
10.44
10.56
10.68
10.8
10.92
11.04
11.16
11.28
11.4
11.52
11.64
11.76
11.88
12
12.12
12.24
12.36
12.48
12.6
12.72
12.84
12.96
13.08
13.2
13.32
13.44
13.56
13.68
13.8
13.92
14.04
14.16
14.28
14.4
14.52
14.64
14.76
14.88
15
15.12
15.24
15.36
15.48
15.6
15.72
15.84
15.96
16.08
16.2
16.32
16.44
16.56
16.68
16.8
16.92
17.04
17.16
17.28
17.4
17.52
17.64
17.76
17.88
18
